<?xml version="1.0" encoding="UTF-8"?>
<!-- Generated by org.testng.reporters.JUnitReportReporter -->
<testsuite skipped="0" hostname="DESKTOP-B2CC7S4" name="JobTarget.FullScenarioPriceComparison" tests="1" failures="0" timestamp="2020-08-15T08:42:48 CEST" time="0.009" errors="0">
  <testcase name="priceMethodScenario" time="0.009" classname="JobTarget.FullScenarioPriceComparison"/>
  <system-out/>
</testsuite> <!-- JobTarget.FullScenarioPriceComparison -->
